/*C49*/SET SCHEMA PUBLIC
DISCONNECT
/*C51*/SET SCHEMA PUBLIC
DISCONNECT
/*C50*/SET SCHEMA PUBLIC
DISCONNECT
/*C52*/SET SCHEMA PUBLIC
DISCONNECT
/*C53*/SET SCHEMA PUBLIC
DISCONNECT
/*C55*/SET SCHEMA PUBLIC
DISCONNECT
/*C56*/SET SCHEMA PUBLIC
DISCONNECT
/*C58*/SET SCHEMA PUBLIC
set schema PUBLIC
drop table FRIEND_LIST
/*C57*/SET SCHEMA PUBLIC
DISCONNECT
/*C59*/SET SCHEMA PUBLIC
DISCONNECT
/*C60*/SET SCHEMA PUBLIC
DISCONNECT
/*C63*/SET SCHEMA PUBLIC
DISCONNECT
/*C64*/SET SCHEMA PUBLIC
DISCONNECT
/*C54*/SET SCHEMA PUBLIC
DISCONNECT
/*C61*/SET SCHEMA PUBLIC
DISCONNECT
/*C62*/SET SCHEMA PUBLIC
DISCONNECT
/*C65*/SET SCHEMA PUBLIC
create table Friend_List (U_1 varchar(255) not null, U_2 varchar(255) not null)
alter table Friend_List add constraint FKil6slo6dvbrjg4t9k3k3g11te foreign key (U_2) references User
alter table Friend_List add constraint FKsvfg3hiv11qtqdcu7hgxwk0d1 foreign key (U_1) references User
INSERT INTO PENDING_REQUESTS VALUES('j7NTvpniStbxeUhHpEzUWW2I0iy2','5BqbujNfUuhNXS1bLqy4Cx8tSA42')
COMMIT
/*C66*/SET SCHEMA PUBLIC
DISCONNECT
/*C65*/DISCONNECT
